# JRE version: Java(TM) SE Runtime Environment (12.0.2+10) (build 12.0.2+10)
# Java VM: Java HotSpot(TM) 64-Bit Server VM (12.0.2+10, mixed mode, sharing, tiered, compressed oops, g1 gc, windows-amd64)
Heap:
 garbage-first heap   total 302080K, used 286213K [0x00000000c1e00000, 0x0000000100000000)
  region size 1024K, 7 young (7168K), 1 survivors (1024K)
 Metaspace       used 7667K, capacity 7981K, committed 8192K, reserved 1056768K
  class space    used 784K, capacity 923K, committed 1024K, reserved 1048576K
GC Heap History (10 events):
Event: 66.569 GC heap before
{Heap before GC invocations=444 (full 0):
 garbage-first heap   total 164864K, used 55800K [0x00000000c1e00000, 0x0000000100000000)
  region size 1024K, 2 young (2048K), 1 survivors (1024K)
 Metaspace       used 7663K, capacity 7981K, committed 8192K, reserved 1056768K
  class space    used 784K, capacity 923K, committed 1024K, reserved 1048576K
}
Event: 66.570 GC heap after
{Heap after GC invocations=445 (full 0):
 garbage-first heap   total 164864K, used 14842K [0x00000000c1e00000, 0x0000000100000000)
  region size 1024K, 1 young (1024K), 1 survivors (1024K)
 Metaspace       used 7663K, capacity 7981K, committed 8192K, reserved 1056768K
  class space    used 784K, capacity 923K, committed 1024K, reserved 1048576K
}
Event: 67.057 GC heap before
{Heap before GC invocations=446 (full 0):
 garbage-first heap   total 128000K, used 118266K [0x00000000c1e00000, 0x0000000100000000)
  region size 1024K, 6 young (6144K), 1 survivors (1024K)
 Metaspace       used 7663K, capacity 7981K, committed 8192K, reserved 1056768K
  class space    used 784K, capacity 923K, committed 1024K, reserved 1048576K
}
Event: 67.061 GC heap after
{Heap after GC invocations=447 (full 0):
 garbage-first heap   total 130048K, used 109052K [0x00000000c1e00000, 0x0000000100000000)
  region size 1024K, 1 young (1024K), 1 survivors (1024K)
 Metaspace       used 7663K, capacity 7981K, committed 8192K, reserved 1056768K
  class space    used 784K, capacity 923K, committed 1024K, reserved 1048576K
}
Event: 67.692 GC heap before
{Heap before GC invocations=447 (full 0):
 garbage-first heap   total 224256K, used 212476K [0x00000000c1e00000, 0x0000000100000000)
  region size 1024K, 6 young (6144K), 1 survivors (1024K)
 Metaspace       used 7665K, capacity 7981K, committed 8192K, reserved 1056768K
  class space    used 784K, capacity 923K, committed 1024K, reserved 1048576K
}
Event: 67.696 GC heap after
{Heap after GC invocations=448 (full 0):
 garbage-first heap   total 224256K, used 113151K [0x00000000c1e00000, 0x0000000100000000)
  region size 1024K, 1 young (1024K), 1 survivors (1024K)
 Metaspace       used 7665K, capacity 7981K, committed 8192K, reserved 1056768K
  class space    used 784K, capacity 923K, committed 1024K, reserved 1048576K
}
Event: 67.709 GC heap before
{Heap before GC invocations=448 (full 0):
 garbage-first heap   total 224256K, used 113151K [0x00000000c1e00000, 0x0000000100000000)
  region size 1024K, 2 young (2048K), 1 survivors (1024K)
 Metaspace       used 7665K, capacity 7981K, committed 8192K, reserved 1056768K
  class space    used 784K, capacity 923K, committed 1024K, reserved 1048576K
}
Event: 67.710 GC heap after
{Heap after GC invocations=449 (full 0):
 garbage-first heap   total 224256K, used 14849K [0x00000000c1e00000, 0x0000000100000000)
  region size 1024K, 1 young (1024K), 1 survivors (1024K)
 Metaspace       used 7665K, capacity 7981K, committed 8192K, reserved 1056768K
  class space    used 784K, capacity 923K, committed 1024K, reserved 1048576K
}
Event: 68.846 GC heap before
{Heap before GC invocations=450 (full 0):
 garbage-first heap   total 202752K, used 192001K [0x00000000c1e00000, 0x0000000100000000)
  region size 1024K, 10 young (10240K), 1 survivors (1024K)
 Metaspace       used 7665K, capacity 7981K, committed 8192K, reserved 1056768K
  class space    used 784K, capacity 923K, committed 1024K, reserved 1048576K
}
Event: 68.847 GC heap after
{Heap after GC invocations=451 (full 0):
 garbage-first heap   total 203776K, used 178693K [0x00000000c1e00000, 0x0000000100000000)
  region size 1024K, 1 young (1024K), 1 survivors (1024K)
 Metaspace       used 7665K, capacity 7981K, committed 8192K, reserved 1056768K
  class space    used 784K, capacity 923K, committed 1024K, reserved 1048576K
}

